<?xml version="1.0" encoding="UTF-8"?>
<testsuite name="Test"
           tests="5"
           failures="0"
           errors="0"
           skipped="0"
           time="0.021">
  <properties />
  
  
            <testcase name="test01" time="0.009" classname="com.mushishi.Imooc.TestngCase" />
                <testcase name="test02" time="0.003" classname="com.mushishi.Imooc.TestngCase" />
                <testcase name="test05" time="0.003" classname="com.mushishi.Imooc.TestngCase" />
                <testcase name="test04" time="0.002" classname="com.mushishi.Imooc.TestngCase" />
                <testcase name="test03" time="0.004" classname="com.mushishi.Imooc.TestngCase" />
      
</testsuite>
