<?xml version="1.0" encoding="UTF-8"?>
<testsuite name="Test"
           tests="3"
           failures="2"
           errors="0"
           skipped="0"
           time="2.039">
  <properties />
            <testcase name="TestLoginEmailError" time="1.026" classname="com.mushishi.Imooc.runcase.LoginCase">
                <failure type="org.testng.internal.thread.ThreadTimeoutException"
                  message="Method com.mushishi.Imooc.runcase.LoginCase.TestLoginEmailError() didn&apos;t finish within the time-out 1000"
              >
<![CDATA[org.testng.internal.thread.ThreadTimeoutException: Method com.mushishi.Imooc.runcase.LoginCase.TestLoginEmailError() didn't finish within the time-out 1000
  java.net.SocketInputStream.socketRead0(Native Method)
  java.net.SocketInputStream.socketRead(SocketInputStream.java:116)
  java.net.SocketInputStream.read(SocketInputStream.java:171)
  java.net.SocketInputStream.read(SocketInputStream.java:141)
  okio.Okio$2.read(Okio.java:140)
  okio.AsyncTimeout$2.read(AsyncTimeout.java:237)
  okio.RealBufferedSource.indexOf(RealBufferedSource.java:355)
  okio.RealBufferedSource.readUtf8LineStrict(RealBufferedSource.java:227)
  okhttp3.internal.http1.Http1Codec.readHeaderLine(Http1Codec.java:215)
  okhttp3.internal.http1.Http1Codec.readResponseHeaders(Http1Codec.java:189)
  okhttp3.internal.http.CallServerInterceptor.intercept(CallServerInterceptor.java:88)
  okhttp3.internal.http.RealInterceptorChain.proceed(RealInterceptorChain.java:147)
  okhttp3.internal.http.RealInterceptorChain.proceed(RealInterceptorChain.java:121)
  org.openqa.selenium.remote.internal.OkHttpClient$Factory$1.lambda$createClient$1(OkHttpClient.java:152)
  org.openqa.selenium.remote.internal.OkHttpClient$Factory$1$$Lambda$1/1907431275.intercept(Unknown Source)
  okhttp3.internal.http.RealInterceptorChain.proceed(RealInterceptorChain.java:147)
  okhttp3.internal.connection.ConnectInterceptor.intercept(ConnectInterceptor.java:45)
  okhttp3.internal.http.RealInterceptorChain.proceed(RealInterceptorChain.java:147)
  okhttp3.internal.http.RealInterceptorChain.proceed(RealInterceptorChain.java:121)
  okhttp3.internal.cache.CacheInterceptor.intercept(CacheInterceptor.java:93)
  okhttp3.internal.http.RealInterceptorChain.proceed(RealInterceptorChain.java:147)
  okhttp3.internal.http.RealInterceptorChain.proceed(RealInterceptorChain.java:121)
  okhttp3.internal.http.BridgeInterceptor.intercept(BridgeInterceptor.java:93)
  okhttp3.internal.http.RealInterceptorChain.proceed(RealInterceptorChain.java:147)
  okhttp3.internal.http.RetryAndFollowUpInterceptor.intercept(RetryAndFollowUpInterceptor.java:126)
  okhttp3.internal.http.RealInterceptorChain.proceed(RealInterceptorChain.java:147)
  okhttp3.internal.http.RealInterceptorChain.proceed(RealInterceptorChain.java:121)
  okhttp3.RealCall.getResponseWithInterceptorChain(RealCall.java:200)
  okhttp3.RealCall.execute(RealCall.java:77)
  org.openqa.selenium.remote.internal.OkHttpClient.execute(OkHttpClient.java:103)
  org.openqa.selenium.remote.HttpCommandExecutor.execute(HttpCommandExecutor.java:155)
  org.openqa.selenium.remote.service.DriverCommandExecutor.execute(DriverCommandExecutor.java:83)
  org.openqa.selenium.remote.RemoteWebDriver.execute(RemoteWebDriver.java:552)
  org.openqa.selenium.remote.RemoteWebDriver.findElement(RemoteWebDriver.java:323)
  org.openqa.selenium.remote.RemoteWebDriver.findElementById(RemoteWebDriver.java:372)
  org.openqa.selenium.By$ById.findElement(By.java:188)
  org.openqa.selenium.remote.RemoteWebDriver.findElement(RemoteWebDriver.java:315)
  com.mushishi.Imooc.page.BasePage.GetElement(BasePage.java:28)
  com.mushishi.Imooc.page.LoginPage.GetUsePngElement(LoginPage.java:60)
  com.mushishi.Imooc.handle.LoginHandle.GetUserText(LoginHandle.java:47)
  com.mushishi.Imooc.runcase.LoginCase.TestLoginEmailError(LoginCase.java:82)
  sun.reflect.NativeMethodAccessorImpl.invoke0(Native Method)
  sun.reflect.NativeMethodAccessorImpl.invoke(NativeMethodAccessorImpl.java:62)
  sun.reflect.DelegatingMethodAccessorImpl.invoke(DelegatingMethodAccessorImpl.java:43)
  java.lang.reflect.Method.invoke(Method.java:498)
  org.testng.internal.MethodInvocationHelper.invokeMethod(MethodInvocationHelper.java:124)
  org.testng.internal.InvokeMethodRunnable.runOne(InvokeMethodRunnable.java:54)
  org.testng.internal.InvokeMethodRunnable.run(InvokeMethodRunnable.java:44)
  java.util.concurrent.Executors$RunnableAdapter.call(Executors.java:511)
  java.util.concurrent.FutureTask.run(FutureTask.java:266)
  java.util.concurrent.ThreadPoolExecutor.runWorker(ThreadPoolExecutor.java:1142)
  java.util.concurrent.ThreadPoolExecutor$Worker.run(ThreadPoolExecutor.java:617)
  java.lang.Thread.run(Thread.java:748)
]]>
      </failure>

          </testcase>
            <testcase name="TestLoginSucess" time="1.009" classname="com.mushishi.Imooc.runcase.LoginCase">
                <failure type="org.testng.internal.thread.ThreadTimeoutException"
                  message="Method com.mushishi.Imooc.runcase.LoginCase.TestLoginSucess() didn&apos;t finish within the time-out 1000"
              >
<![CDATA[org.testng.internal.thread.ThreadTimeoutException: Method com.mushishi.Imooc.runcase.LoginCase.TestLoginSucess() didn't finish within the time-out 1000
  java.lang.System.identityHashCode(Native Method)
  java.util.IdentityHashMap.hash(IdentityHashMap.java:294)
  java.util.IdentityHashMap.put(IdentityHashMap.java:425)
  java.util.Collections$SetFromMap.add(Collections.java:5461)
  java.lang.Throwable.printStackTrace(Throwable.java:651)
  java.lang.Throwable.printStackTrace(Throwable.java:643)
  java.lang.Throwable.printStackTrace(Throwable.java:634)
  com.mushishi.Imooc.handle.LoginHandle.ClickLogin(LoginHandle.java:42)
  com.mushishi.Imooc.runcase.LoginCase.TestLoginSucess(LoginCase.java:68)
  sun.reflect.NativeMethodAccessorImpl.invoke0(Native Method)
  sun.reflect.NativeMethodAccessorImpl.invoke(NativeMethodAccessorImpl.java:62)
  sun.reflect.DelegatingMethodAccessorImpl.invoke(DelegatingMethodAccessorImpl.java:43)
  java.lang.reflect.Method.invoke(Method.java:498)
  org.testng.internal.MethodInvocationHelper.invokeMethod(MethodInvocationHelper.java:124)
  org.testng.internal.InvokeMethodRunnable.runOne(InvokeMethodRunnable.java:54)
  org.testng.internal.InvokeMethodRunnable.run(InvokeMethodRunnable.java:44)
  java.util.concurrent.Executors$RunnableAdapter.call(Executors.java:511)
  java.util.concurrent.FutureTask.run(FutureTask.java:266)
  java.util.concurrent.ThreadPoolExecutor.runWorker(ThreadPoolExecutor.java:1142)
  java.util.concurrent.ThreadPoolExecutor$Worker.run(ThreadPoolExecutor.java:617)
  java.lang.Thread.run(Thread.java:748)
]]>
      </failure>

          </testcase>
  
  
            <testcase name="Test01" time="0.004" classname="com.mushishi.Imooc.runcase.LoginCase" />
      
</testsuite>
